<?xml version="1.0" encoding="UTF-8"?>
<!-- Generated by org.testng.reporters.JUnitReportReporter -->
<testsuite skipped="0" hostname="Admin-PC" name="Academy.SearchBar" tests="3" failures="0" timestamp="2020-05-15T21:08:09 IST" time="61.921" errors="0">
  <testcase name="basePageNavigation" time="24.945" classname="Academy.SearchBar"/>
  <system-out/>
  <testcase name="basePageNavigation" time="18.015" classname="Academy.SearchBar"/>
  <system-out/>
  <testcase name="basePageNavigation" time="18.961" classname="Academy.SearchBar"/>
  <system-out/>
</testsuite> <!-- Academy.SearchBar -->
