<?xml version="1.0" encoding="UTF-8"?>
<!-- Generated by org.testng.reporters.JUnitReportReporter -->
<testsuite skipped="0" hostname="Admin-PC" name="Academy.HomePage" tests="1" failures="0" timestamp="2020-05-15T16:20:38 IST" time="12.753" errors="0">
  <testcase name="basePageNavigation" time="12.753" classname="Academy.HomePage"/>
  <system-out/>
</testsuite> <!-- Academy.HomePage -->
