<?xml version="1.0" encoding="UTF-8"?>
<!-- Generated by org.testng.reporters.JUnitReportReporter -->
<testsuite skipped="0" hostname="Admin-PC" name="Academy.HomePageTest" tests="1" failures="0" timestamp="2020-05-16T12:29:55 IST" time="18.322" errors="0">
  <testcase name="basePageNavigation" time="18.322" classname="Academy.HomePageTest"/>
  <system-out/>
</testsuite> <!-- Academy.HomePageTest -->
