<?xml version="1.0" encoding="UTF-8"?>
<!-- Generated by org.testng.reporters.JUnitReportReporter -->
<testsuite skipped="0" hostname="Admin-PC" name="Academy.SearchBar" tests="3" failures="0" timestamp="2020-05-16T12:29:55 IST" time="43.637" errors="0">
  <testcase name="Search" time="11.950" classname="Academy.SearchBar"/>
  <system-out/>
  <testcase name="Search" time="12.383" classname="Academy.SearchBar"/>
  <system-out/>
  <testcase name="Search" time="19.304" classname="Academy.SearchBar"/>
  <system-out/>
</testsuite> <!-- Academy.SearchBar -->
